
[2021-07-26 13:58:14] START BROWSER: Message: unknown error: cannot connect to chrome at 127.0.0.1:52787
from chrome not reachable

[2021-07-26 14:08:36] OPEN DOGE URL:[https://doge.click/join/KlVnHg] HTTPSConnectionPool(host='doge.click', port=443): Max retries exceeded with url: /join/KlVnHg (Caused by NewConnectionError('<urllib3.connection.HTTPSConnection object at 0x0000000007B41D30>: Failed to establish a new connection: [Errno 11001] getaddrinfo failed'))
[2021-07-26 14:10:45] CLEAR TEMP: [WinError 2] The system cannot find the file specified: 'C:\\Users\\jarra\\AppData\\Local\\Temp\\scoped_dir22660_1481991404\\CRX_INSTALL\\images'
[2021-07-26 14:10:45] CLEAR TEMP: [WinError 3] The system cannot find the path specified: 'C:\\Users\\jarra\\AppData\\Local\\Temp\\scoped_dir22660_907135962\\CRX_INSTALL\\_locales\\ko'
[2021-07-26 14:10:46] CLEAR TEMP: [WinError 2] The system cannot find the file specified: 'C:\\Users\\jarra\\AppData\\Local\\Temp\\scoped_dir23228_1545505816\\CRX_INSTALL\\_locales\\lv'
[2021-07-26 14:10:46] CLEAR TEMP: [WinError 3] The system cannot find the path specified: 'C:\\Users\\jarra\\AppData\\Local\\Temp\\scoped_dir23228_1903146936\\CRX_INSTALL\\_locales\\bg'
[2021-07-26 14:10:46] CLEAR TEMP: [WinError 2] The system cannot find the file specified: 'C:\\Users\\jarra\\AppData\\Local\\Temp\\scoped_dir23228_515971067\\CRX_INSTALL\\manifest.json'
[2021-07-26 14:10:46] CLEAR TEMP: [WinError 3] The system cannot find the path specified: 'C:\\Users\\jarra\\AppData\\Local\\Temp\\scoped_dir25340_1028365800\\CRX_INSTALL'
[2021-07-26 14:10:46] CLEAR TEMP: [WinError 3] The system cannot find the path specified: 'C:\\Users\\jarra\\AppData\\Local\\Temp\\scoped_dir25340_1057696259'
[2021-07-26 14:10:46] CLEAR TEMP: [WinError 2] The system cannot find the file specified: 'C:\\Users\\jarra\\AppData\\Local\\Temp\\scoped_dir25340_1063049438'
[2021-07-26 14:10:46] CLEAR TEMP: [WinError 2] The system cannot find the file specified: 'C:\\Users\\jarra\\AppData\\Local\\Temp\\scoped_dir25340_1416336667'
[2021-07-26 14:10:46] CLEAR TEMP: [WinError 2] The system cannot find the file specified: 'C:\\Users\\jarra\\AppData\\Local\\Temp\\scoped_dir25340_1572182169\\CRX_INSTALL\\manifest.json'
[2021-07-26 14:10:46] CLEAR TEMP: [WinError 2] The system cannot find the file specified: 'C:\\Users\\jarra\\AppData\\Local\\Temp\\scoped_dir25340_1924866207\\5ea5bb6e-72e9-47e5-8b49-81ed57232909.tmp'
[2021-07-26 14:10:46] CLEAR TEMP: [WinError 2] The system cannot find the file specified: 'C:\\Users\\jarra\\AppData\\Local\\Temp\\scoped_dir25340_534405814\\CRX_INSTALL\\manifest.json'
[2021-07-26 14:10:46] CLEAR TEMP: [WinError 2] The system cannot find the file specified: 'C:\\Users\\jarra\\AppData\\Local\\Temp\\scoped_dir25492_1344628539'
[2021-07-26 14:10:46] CLEAR TEMP: [WinError 2] The system cannot find the file specified: 'C:\\Users\\jarra\\AppData\\Local\\Temp\\scoped_dir25492_1480611429'
[2021-07-26 14:10:46] CLEAR TEMP: [WinError 2] The system cannot find the file specified: 'C:\\Users\\jarra\\AppData\\Local\\Temp\\scoped_dir25492_1661360723\\CRX_INSTALL\\_locales\\zh_CN\\messages.json'
[2021-07-26 14:10:46] CLEAR TEMP: [WinError 2] The system cannot find the file specified: 'C:\\Users\\jarra\\AppData\\Local\\Temp\\scoped_dir25492_827752364\\3ac8df22-782d-4f05-9c06-3d87a2404b57.tmp'
[2021-07-26 14:10:46] CLEAR TEMP: [WinError 2] The system cannot find the file specified: 'C:\\Users\\jarra\\AppData\\Local\\Temp\\scoped_dir26644_1649857216'
[2021-07-26 14:10:46] CLEAR TEMP: [WinError 2] The system cannot find the file specified: 'C:\\Users\\jarra\\AppData\\Local\\Temp\\scoped_dir26644_1692561585'
[2021-07-26 14:10:46] CLEAR TEMP: [WinError 2] The system cannot find the file specified: 'C:\\Users\\jarra\\AppData\\Local\\Temp\\scoped_dir26644_474664893'
[2021-07-26 14:10:46] CLEAR TEMP: [WinError 2] The system cannot find the file specified: 'C:\\Users\\jarra\\AppData\\Local\\Temp\\scoped_dir26644_592460212'
[2021-07-26 14:10:46] CLEAR TEMP: [WinError 2] The system cannot find the file specified: 'C:\\Users\\jarra\\AppData\\Local\\Temp\\scoped_dir26644_814965586'
[2021-07-26 14:10:46] CLEAR TEMP: [WinError 2] The system cannot find the file specified: 'C:\\Users\\jarra\\AppData\\Local\\Temp\\scoped_dir27196_715206854'
[2021-07-26 14:10:46] CLEAR TEMP: [WinError 2] The system cannot find the file specified: 'C:\\Users\\jarra\\AppData\\Local\\Temp\\scoped_dir27212_1979986369'
[2021-07-26 14:10:46] CLEAR TEMP: [WinError 2] The system cannot find the file specified: 'C:\\Users\\jarra\\AppData\\Local\\Temp\\scoped_dir28132_1131192668\\CRX_INSTALL\\_locales\\lt'
[2021-07-26 14:10:46] CLEAR TEMP: [WinError 2] The system cannot find the file specified: 'C:\\Users\\jarra\\AppData\\Local\\Temp\\scoped_dir28132_1455038691'
[2021-07-26 14:10:46] CLEAR TEMP: [WinError 3] The system cannot find the path specified: 'C:\\Users\\jarra\\AppData\\Local\\Temp\\scoped_dir28132_14647894\\CRX_INSTALL\\_locales\\fi'
[2021-07-26 14:10:47] CLEAR TEMP: [WinError 3] The system cannot find the path specified: 'C:\\Users\\jarra\\AppData\\Local\\Temp\\scoped_dir28132_1609936007\\CRX_INSTALL\\_locales\\fr'
[2021-07-26 14:10:47] CLEAR TEMP: [WinError 2] The system cannot find the file specified: 'C:\\Users\\jarra\\AppData\\Local\\Temp\\scoped_dir28132_403137779\\CRX_INSTALL\\_locales\\pt_PT'
[2021-07-26 14:10:47] CLEAR TEMP: [WinError 3] The system cannot find the path specified: 'C:\\Users\\jarra\\AppData\\Local\\Temp\\tmpc04dvw_x\\Default\\Code Cache'
[2021-07-26 14:10:49] CLEAR TEMP: [WinError 3] The system cannot find the path specified: 'C:\\Users\\jarra\\AppData\\Local\\Temp\\tmppufo81k6\\Default\\Cache'